<?xml version="1.0" encoding="UTF-8"?>
<testsuite name="test.SocketTests" tests="3" skipped="0" failures="2" errors="0" timestamp="2024-02-26T05:12:54" hostname="MATEBOOK-D15" time="77.069">
  <properties/>
  <testcase name="socketUI_SendText()" classname="test.SocketTests" time="32.701">
    <failure message="org.openqa.selenium.TimeoutException: timeout: Timed out receiving message from renderer: 29.029&#10;  (Session info: chrome=122.0.6261.58)&#10;Build info: version: '4.18.1', revision: 'b1d3319b48'&#10;System info: os.name: 'Windows 11', os.arch: 'amd64', os.version: '10.0', java.version: '17.0.10'&#10;Driver info: org.openqa.selenium.chrome.ChromeDriver&#10;Command: [1cdb1fd36cf5327f7825faf16d1cf299, get {url=https://www.piesocket.com/websocket-tester}]&#10;selenide.url: https://www.piesocket.com/websocket-tester&#10;Capabilities {acceptInsecureCerts: true, browserName: chrome, browserVersion: 122.0.6261.58, chrome: {chromedriverVersion: 122.0.6261.69 (81bc525b6a36..., userDataDir: C:\Users\doct2\AppData\Loca...}, fedcm:accounts: true, goog:chromeOptions: {debuggerAddress: localhost:8355}, networkConnectionEnabled: false, pageLoadStrategy: normal, platformName: windows, proxy: Proxy(), se:cdp: ws://localhost:8355/devtool..., se:cdpVersion: 122.0.6261.58, setWindowRect: true, strictFileInteractability: false, timeouts: {implicit: 0, pageLoad: 300000, script: 30000}, unhandledPromptBehavior: accept, webauthn:extension:credBlob: true, webauthn:extension:largeBlob: true, webauthn:extension:minPinLength: true, webauthn:extension:prf: true, webauthn:virtualAuthenticators: true}&#10;selenide.baseUrl: http://localhost:8080&#10;Session ID: 1cdb1fd36cf5327f7825faf16d1cf299" type="org.openqa.selenium.TimeoutException">org.openqa.selenium.TimeoutException: timeout: Timed out receiving message from renderer: 29.029
  (Session info: chrome=122.0.6261.58)
Build info: version: '4.18.1', revision: 'b1d3319b48'
System info: os.name: 'Windows 11', os.arch: 'amd64', os.version: '10.0', java.version: '17.0.10'
Driver info: org.openqa.selenium.chrome.ChromeDriver
Command: [1cdb1fd36cf5327f7825faf16d1cf299, get {url=https://www.piesocket.com/websocket-tester}]
selenide.url: https://www.piesocket.com/websocket-tester
Capabilities {acceptInsecureCerts: true, browserName: chrome, browserVersion: 122.0.6261.58, chrome: {chromedriverVersion: 122.0.6261.69 (81bc525b6a36..., userDataDir: C:\Users\doct2\AppData\Loca...}, fedcm:accounts: true, goog:chromeOptions: {debuggerAddress: localhost:8355}, networkConnectionEnabled: false, pageLoadStrategy: normal, platformName: windows, proxy: Proxy(), se:cdp: ws://localhost:8355/devtool..., se:cdpVersion: 122.0.6261.58, setWindowRect: true, strictFileInteractability: false, timeouts: {implicit: 0, pageLoad: 300000, script: 30000}, unhandledPromptBehavior: accept, webauthn:extension:credBlob: true, webauthn:extension:largeBlob: true, webauthn:extension:minPinLength: true, webauthn:extension:prf: true, webauthn:virtualAuthenticators: true}
selenide.baseUrl: http://localhost:8080
Session ID: 1cdb1fd36cf5327f7825faf16d1cf299
	at java.base@17.0.10/jdk.internal.reflect.NativeConstructorAccessorImpl.newInstance0(Native Method)
	at java.base@17.0.10/jdk.internal.reflect.NativeConstructorAccessorImpl.newInstance(NativeConstructorAccessorImpl.java:77)
	at java.base@17.0.10/jdk.internal.reflect.DelegatingConstructorAccessorImpl.newInstance(DelegatingConstructorAccessorImpl.java:45)
	at java.base@17.0.10/java.lang.reflect.Constructor.newInstanceWithCaller(Constructor.java:499)
	at java.base@17.0.10/java.lang.reflect.Constructor.newInstance(Constructor.java:480)
	at app//org.openqa.selenium.remote.ErrorCodec.decode(ErrorCodec.java:167)
	at app//org.openqa.selenium.remote.codec.w3c.W3CHttpResponseCodec.decode(W3CHttpResponseCodec.java:138)
	at app//org.openqa.selenium.remote.codec.w3c.W3CHttpResponseCodec.decode(W3CHttpResponseCodec.java:50)
	at app//org.openqa.selenium.remote.HttpCommandExecutor.execute(HttpCommandExecutor.java:190)
	at app//org.openqa.selenium.remote.service.DriverCommandExecutor.invokeExecute(DriverCommandExecutor.java:216)
	at app//org.openqa.selenium.remote.service.DriverCommandExecutor.execute(DriverCommandExecutor.java:174)
	at app//org.openqa.selenium.remote.RemoteWebDriver.execute(RemoteWebDriver.java:519)
	at app//org.openqa.selenium.remote.RemoteWebDriver.get(RemoteWebDriver.java:301)
	at app//org.openqa.selenium.remote.RemoteWebDriver$RemoteNavigation.to(RemoteWebDriver.java:1064)
	at app//com.codeborne.selenide.drivercommands.Navigator.lambda$navigateTo$0(Navigator.java:72)
	at app//com.codeborne.selenide.logevents.SelenideLogger.lambda$run$0(SelenideLogger.java:105)
	at app//com.codeborne.selenide.logevents.SelenideLogger.wrap(SelenideLogger.java:133)
	at app//com.codeborne.selenide.logevents.SelenideLogger.run(SelenideLogger.java:104)
	at app//com.codeborne.selenide.drivercommands.Navigator.navigateTo(Navigator.java:68)
	at app//com.codeborne.selenide.drivercommands.Navigator.open(Navigator.java:31)
	at app//com.codeborne.selenide.SelenideDriver.open(SelenideDriver.java:92)
	at app//com.codeborne.selenide.Selenide.open(Selenide.java:53)
	at app//test.SocketTests.socketUI_SendText(SocketTests.java:106)
	at java.base@17.0.10/jdk.internal.reflect.NativeMethodAccessorImpl.invoke0(Native Method)
	at java.base@17.0.10/jdk.internal.reflect.NativeMethodAccessorImpl.invoke(NativeMethodAccessorImpl.java:77)
	at java.base@17.0.10/jdk.internal.reflect.DelegatingMethodAccessorImpl.invoke(DelegatingMethodAccessorImpl.java:43)
	at java.base@17.0.10/java.lang.reflect.Method.invoke(Method.java:568)
	at app//org.junit.platform.commons.util.ReflectionUtils.invokeMethod(ReflectionUtils.java:728)
	at app//org.junit.jupiter.engine.execution.MethodInvocation.proceed(MethodInvocation.java:60)
	at app//org.junit.jupiter.engine.execution.InvocationInterceptorChain$ValidatingInvocation.proceed(InvocationInterceptorChain.java:131)
	at app//org.junit.jupiter.engine.extension.TimeoutExtension.intercept(TimeoutExtension.java:156)
	at app//org.junit.jupiter.engine.extension.TimeoutExtension.interceptTestableMethod(TimeoutExtension.java:147)
	at app//org.junit.jupiter.engine.extension.TimeoutExtension.interceptTestMethod(TimeoutExtension.java:86)
	at app//org.junit.jupiter.engine.execution.InterceptingExecutableInvoker$ReflectiveInterceptorCall.lambda$ofVoidMethod$0(InterceptingExecutableInvoker.java:103)
	at app//org.junit.jupiter.engine.execution.InterceptingExecutableInvoker.lambda$invoke$0(InterceptingExecutableInvoker.java:93)
	at app//org.junit.jupiter.engine.execution.InvocationInterceptorChain$InterceptedInvocation.proceed(InvocationInterceptorChain.java:106)
	at app//org.junit.jupiter.engine.execution.InvocationInterceptorChain.proceed(InvocationInterceptorChain.java:64)
	at app//org.junit.jupiter.engine.execution.InvocationInterceptorChain.chainAndInvoke(InvocationInterceptorChain.java:45)
	at app//org.junit.jupiter.engine.execution.InvocationInterceptorChain.invoke(InvocationInterceptorChain.java:37)
	at app//org.junit.jupiter.engine.execution.InterceptingExecutableInvoker.invoke(InterceptingExecutableInvoker.java:92)
	at app//org.junit.jupiter.engine.execution.InterceptingExecutableInvoker.invoke(InterceptingExecutableInvoker.java:86)
	at app//org.junit.jupiter.engine.descriptor.TestMethodTestDescriptor.lambda$invokeTestMethod$7(TestMethodTestDescriptor.java:218)
	at app//org.junit.platform.engine.support.hierarchical.ThrowableCollector.execute(ThrowableCollector.java:73)
	at app//org.junit.jupiter.engine.descriptor.TestMethodTestDescriptor.invokeTestMethod(TestMethodTestDescriptor.java:214)
	at app//org.junit.jupiter.engine.descriptor.TestMethodTestDescriptor.execute(TestMethodTestDescriptor.java:139)
	at app//org.junit.jupiter.engine.descriptor.TestMethodTestDescriptor.execute(TestMethodTestDescriptor.java:69)
	at app//org.junit.platform.engine.support.hierarchical.NodeTestTask.lambda$executeRecursively$6(NodeTestTask.java:151)
	at app//org.junit.platform.engine.support.hierarchical.ThrowableCollector.execute(ThrowableCollector.java:73)
	at app//org.junit.platform.engine.support.hierarchical.NodeTestTask.lambda$executeRecursively$8(NodeTestTask.java:141)
	at app//org.junit.platform.engine.support.hierarchical.Node.around(Node.java:137)
	at app//org.junit.platform.engine.support.hierarchical.NodeTestTask.lambda$executeRecursively$9(NodeTestTask.java:139)
	at app//org.junit.platform.engine.support.hierarchical.ThrowableCollector.execute(ThrowableCollector.java:73)
	at app//org.junit.platform.engine.support.hierarchical.NodeTestTask.executeRecursively(NodeTestTask.java:138)
	at app//org.junit.platform.engine.support.hierarchical.NodeTestTask.execute(NodeTestTask.java:95)
	at java.base@17.0.10/java.util.ArrayList.forEach(ArrayList.java:1511)
	at app//org.junit.platform.engine.support.hierarchical.SameThreadHierarchicalTestExecutorService.invokeAll(SameThreadHierarchicalTestExecutorService.java:41)
	at app//org.junit.platform.engine.support.hierarchical.NodeTestTask.lambda$executeRecursively$6(NodeTestTask.java:155)
	at app//org.junit.platform.engine.support.hierarchical.ThrowableCollector.execute(ThrowableCollector.java:73)
	at app//org.junit.platform.engine.support.hierarchical.NodeTestTask.lambda$executeRecursively$8(NodeTestTask.java:141)
	at app//org.junit.platform.engine.support.hierarchical.Node.around(Node.java:137)
	at app//org.junit.platform.engine.support.hierarchical.NodeTestTask.lambda$executeRecursively$9(NodeTestTask.java:139)
	at app//org.junit.platform.engine.support.hierarchical.ThrowableCollector.execute(ThrowableCollector.java:73)
	at app//org.junit.platform.engine.support.hierarchical.NodeTestTask.executeRecursively(NodeTestTask.java:138)
	at app//org.junit.platform.engine.support.hierarchical.NodeTestTask.execute(NodeTestTask.java:95)
	at java.base@17.0.10/java.util.ArrayList.forEach(ArrayList.java:1511)
	at app//org.junit.platform.engine.support.hierarchical.SameThreadHierarchicalTestExecutorService.invokeAll(SameThreadHierarchicalTestExecutorService.java:41)
	at app//org.junit.platform.engine.support.hierarchical.NodeTestTask.lambda$executeRecursively$6(NodeTestTask.java:155)
	at app//org.junit.platform.engine.support.hierarchical.ThrowableCollector.execute(ThrowableCollector.java:73)
	at app//org.junit.platform.engine.support.hierarchical.NodeTestTask.lambda$executeRecursively$8(NodeTestTask.java:141)
	at app//org.junit.platform.engine.support.hierarchical.Node.around(Node.java:137)
	at app//org.junit.platform.engine.support.hierarchical.NodeTestTask.lambda$executeRecursively$9(NodeTestTask.java:139)
	at app//org.junit.platform.engine.support.hierarchical.ThrowableCollector.execute(ThrowableCollector.java:73)
	at app//org.junit.platform.engine.support.hierarchical.NodeTestTask.executeRecursively(NodeTestTask.java:138)
	at app//org.junit.platform.engine.support.hierarchical.NodeTestTask.execute(NodeTestTask.java:95)
	at app//org.junit.platform.engine.support.hierarchical.SameThreadHierarchicalTestExecutorService.submit(SameThreadHierarchicalTestExecutorService.java:35)
	at app//org.junit.platform.engine.support.hierarchical.HierarchicalTestExecutor.execute(HierarchicalTestExecutor.java:57)
	at app//org.junit.platform.engine.support.hierarchical.HierarchicalTestEngine.execute(HierarchicalTestEngine.java:54)
	at org.junit.platform.launcher.core.EngineExecutionOrchestrator.execute(EngineExecutionOrchestrator.java:108)
	at org.junit.platform.launcher.core.EngineExecutionOrchestrator.execute(EngineExecutionOrchestrator.java:88)
	at org.junit.platform.launcher.core.EngineExecutionOrchestrator.lambda$execute$0(EngineExecutionOrchestrator.java:54)
	at org.junit.platform.launcher.core.EngineExecutionOrchestrator.withInterceptedStreams(EngineExecutionOrchestrator.java:67)
	at org.junit.platform.launcher.core.EngineExecutionOrchestrator.execute(EngineExecutionOrchestrator.java:52)
	at org.junit.platform.launcher.core.DefaultLauncher.execute(DefaultLauncher.java:96)
	at org.junit.platform.launcher.core.DefaultLauncher.execute(DefaultLauncher.java:75)
	at org.gradle.api.internal.tasks.testing.junitplatform.JUnitPlatformTestClassProcessor$CollectAllTestClassesExecutor.processAllTestClasses(JUnitPlatformTestClassProcessor.java:99)
	at org.gradle.api.internal.tasks.testing.junitplatform.JUnitPlatformTestClassProcessor$CollectAllTestClassesExecutor.access$000(JUnitPlatformTestClassProcessor.java:79)
	at org.gradle.api.internal.tasks.testing.junitplatform.JUnitPlatformTestClassProcessor.stop(JUnitPlatformTestClassProcessor.java:75)
	at org.gradle.api.internal.tasks.testing.SuiteTestClassProcessor.stop(SuiteTestClassProcessor.java:61)
	at java.base@17.0.10/jdk.internal.reflect.NativeMethodAccessorImpl.invoke0(Native Method)
	at java.base@17.0.10/jdk.internal.reflect.NativeMethodAccessorImpl.invoke(NativeMethodAccessorImpl.java:77)
	at java.base@17.0.10/jdk.internal.reflect.DelegatingMethodAccessorImpl.invoke(DelegatingMethodAccessorImpl.java:43)
	at java.base@17.0.10/java.lang.reflect.Method.invoke(Method.java:568)
	at org.gradle.internal.dispatch.ReflectionDispatch.dispatch(ReflectionDispatch.java:36)
	at org.gradle.internal.dispatch.ReflectionDispatch.dispatch(ReflectionDispatch.java:24)
	at org.gradle.internal.dispatch.ContextClassLoaderDispatch.dispatch(ContextClassLoaderDispatch.java:33)
	at org.gradle.internal.dispatch.ProxyDispatchAdapter$DispatchingInvocationHandler.invoke(ProxyDispatchAdapter.java:94)
	at jdk.proxy1/jdk.proxy1.$Proxy2.stop(Unknown Source)
	at org.gradle.api.internal.tasks.testing.worker.TestWorker$3.run(TestWorker.java:193)
	at org.gradle.api.internal.tasks.testing.worker.TestWorker.executeAndMaintainThreadName(TestWorker.java:129)
	at org.gradle.api.internal.tasks.testing.worker.TestWorker.execute(TestWorker.java:100)
	at org.gradle.api.internal.tasks.testing.worker.TestWorker.execute(TestWorker.java:60)
	at org.gradle.process.internal.worker.child.ActionExecutionWorker.execute(ActionExecutionWorker.java:56)
	at org.gradle.process.internal.worker.child.SystemApplicationClassLoaderWorker.call(SystemApplicationClassLoaderWorker.java:133)
	at org.gradle.process.internal.worker.child.SystemApplicationClassLoaderWorker.call(SystemApplicationClassLoaderWorker.java:71)
	at app//worker.org.gradle.process.internal.worker.GradleWorkerMain.run(GradleWorkerMain.java:69)
	at app//worker.org.gradle.process.internal.worker.GradleWorkerMain.main(GradleWorkerMain.java:74)
</failure>
  </testcase>
  <testcase name="socketKucoin_DifferentMessageSequenceDataValues()" classname="test.SocketTests" time="14.339"/>
  <testcase name="socketUI_ReceiveText()" classname="test.SocketTests" time="30.029">
    <failure message="org.openqa.selenium.TimeoutException: timeout: Timed out receiving message from renderer: 29.649&#10;  (Session info: chrome=122.0.6261.58)&#10;Build info: version: '4.18.1', revision: 'b1d3319b48'&#10;System info: os.name: 'Windows 11', os.arch: 'amd64', os.version: '10.0', java.version: '17.0.10'&#10;Driver info: org.openqa.selenium.chrome.ChromeDriver&#10;Command: [1cdb1fd36cf5327f7825faf16d1cf299, get {url=https://www.piesocket.com/websocket-tester}]&#10;selenide.url: https://www.piesocket.com/websocket-tester&#10;Capabilities {acceptInsecureCerts: true, browserName: chrome, browserVersion: 122.0.6261.58, chrome: {chromedriverVersion: 122.0.6261.69 (81bc525b6a36..., userDataDir: C:\Users\doct2\AppData\Loca...}, fedcm:accounts: true, goog:chromeOptions: {debuggerAddress: localhost:8355}, networkConnectionEnabled: false, pageLoadStrategy: normal, platformName: windows, proxy: Proxy(), se:cdp: ws://localhost:8355/devtool..., se:cdpVersion: 122.0.6261.58, setWindowRect: true, strictFileInteractability: false, timeouts: {implicit: 0, pageLoad: 300000, script: 30000}, unhandledPromptBehavior: accept, webauthn:extension:credBlob: true, webauthn:extension:largeBlob: true, webauthn:extension:minPinLength: true, webauthn:extension:prf: true, webauthn:virtualAuthenticators: true}&#10;selenide.baseUrl: http://localhost:8080&#10;Session ID: 1cdb1fd36cf5327f7825faf16d1cf299" type="org.openqa.selenium.TimeoutException">org.openqa.selenium.TimeoutException: timeout: Timed out receiving message from renderer: 29.649
  (Session info: chrome=122.0.6261.58)
Build info: version: '4.18.1', revision: 'b1d3319b48'
System info: os.name: 'Windows 11', os.arch: 'amd64', os.version: '10.0', java.version: '17.0.10'
Driver info: org.openqa.selenium.chrome.ChromeDriver
Command: [1cdb1fd36cf5327f7825faf16d1cf299, get {url=https://www.piesocket.com/websocket-tester}]
selenide.url: https://www.piesocket.com/websocket-tester
Capabilities {acceptInsecureCerts: true, browserName: chrome, browserVersion: 122.0.6261.58, chrome: {chromedriverVersion: 122.0.6261.69 (81bc525b6a36..., userDataDir: C:\Users\doct2\AppData\Loca...}, fedcm:accounts: true, goog:chromeOptions: {debuggerAddress: localhost:8355}, networkConnectionEnabled: false, pageLoadStrategy: normal, platformName: windows, proxy: Proxy(), se:cdp: ws://localhost:8355/devtool..., se:cdpVersion: 122.0.6261.58, setWindowRect: true, strictFileInteractability: false, timeouts: {implicit: 0, pageLoad: 300000, script: 30000}, unhandledPromptBehavior: accept, webauthn:extension:credBlob: true, webauthn:extension:largeBlob: true, webauthn:extension:minPinLength: true, webauthn:extension:prf: true, webauthn:virtualAuthenticators: true}
selenide.baseUrl: http://localhost:8080
Session ID: 1cdb1fd36cf5327f7825faf16d1cf299
	at java.base@17.0.10/jdk.internal.reflect.NativeConstructorAccessorImpl.newInstance0(Native Method)
	at java.base@17.0.10/jdk.internal.reflect.NativeConstructorAccessorImpl.newInstance(NativeConstructorAccessorImpl.java:77)
	at java.base@17.0.10/jdk.internal.reflect.DelegatingConstructorAccessorImpl.newInstance(DelegatingConstructorAccessorImpl.java:45)
	at java.base@17.0.10/java.lang.reflect.Constructor.newInstanceWithCaller(Constructor.java:499)
	at java.base@17.0.10/java.lang.reflect.Constructor.newInstance(Constructor.java:480)
	at app//org.openqa.selenium.remote.ErrorCodec.decode(ErrorCodec.java:167)
	at app//org.openqa.selenium.remote.codec.w3c.W3CHttpResponseCodec.decode(W3CHttpResponseCodec.java:138)
	at app//org.openqa.selenium.remote.codec.w3c.W3CHttpResponseCodec.decode(W3CHttpResponseCodec.java:50)
	at app//org.openqa.selenium.remote.HttpCommandExecutor.execute(HttpCommandExecutor.java:190)
	at app//org.openqa.selenium.remote.service.DriverCommandExecutor.invokeExecute(DriverCommandExecutor.java:216)
	at app//org.openqa.selenium.remote.service.DriverCommandExecutor.execute(DriverCommandExecutor.java:174)
	at app//org.openqa.selenium.remote.RemoteWebDriver.execute(RemoteWebDriver.java:519)
	at app//org.openqa.selenium.remote.RemoteWebDriver.get(RemoteWebDriver.java:301)
	at app//org.openqa.selenium.remote.RemoteWebDriver$RemoteNavigation.to(RemoteWebDriver.java:1064)
	at app//com.codeborne.selenide.drivercommands.Navigator.lambda$navigateTo$0(Navigator.java:72)
	at app//com.codeborne.selenide.logevents.SelenideLogger.lambda$run$0(SelenideLogger.java:105)
	at app//com.codeborne.selenide.logevents.SelenideLogger.wrap(SelenideLogger.java:133)
	at app//com.codeborne.selenide.logevents.SelenideLogger.run(SelenideLogger.java:104)
	at app//com.codeborne.selenide.drivercommands.Navigator.navigateTo(Navigator.java:68)
	at app//com.codeborne.selenide.drivercommands.Navigator.open(Navigator.java:31)
	at app//com.codeborne.selenide.SelenideDriver.open(SelenideDriver.java:92)
	at app//com.codeborne.selenide.Selenide.open(Selenide.java:53)
	at app//test.SocketTests.socketUI_ReceiveText(SocketTests.java:136)
	at java.base@17.0.10/jdk.internal.reflect.NativeMethodAccessorImpl.invoke0(Native Method)
	at java.base@17.0.10/jdk.internal.reflect.NativeMethodAccessorImpl.invoke(NativeMethodAccessorImpl.java:77)
	at java.base@17.0.10/jdk.internal.reflect.DelegatingMethodAccessorImpl.invoke(DelegatingMethodAccessorImpl.java:43)
	at java.base@17.0.10/java.lang.reflect.Method.invoke(Method.java:568)
	at app//org.junit.platform.commons.util.ReflectionUtils.invokeMethod(ReflectionUtils.java:728)
	at app//org.junit.jupiter.engine.execution.MethodInvocation.proceed(MethodInvocation.java:60)
	at app//org.junit.jupiter.engine.execution.InvocationInterceptorChain$ValidatingInvocation.proceed(InvocationInterceptorChain.java:131)
	at app//org.junit.jupiter.engine.extension.TimeoutExtension.intercept(TimeoutExtension.java:156)
	at app//org.junit.jupiter.engine.extension.TimeoutExtension.interceptTestableMethod(TimeoutExtension.java:147)
	at app//org.junit.jupiter.engine.extension.TimeoutExtension.interceptTestMethod(TimeoutExtension.java:86)
	at app//org.junit.jupiter.engine.execution.InterceptingExecutableInvoker$ReflectiveInterceptorCall.lambda$ofVoidMethod$0(InterceptingExecutableInvoker.java:103)
	at app//org.junit.jupiter.engine.execution.InterceptingExecutableInvoker.lambda$invoke$0(InterceptingExecutableInvoker.java:93)
	at app//org.junit.jupiter.engine.execution.InvocationInterceptorChain$InterceptedInvocation.proceed(InvocationInterceptorChain.java:106)
	at app//org.junit.jupiter.engine.execution.InvocationInterceptorChain.proceed(InvocationInterceptorChain.java:64)
	at app//org.junit.jupiter.engine.execution.InvocationInterceptorChain.chainAndInvoke(InvocationInterceptorChain.java:45)
	at app//org.junit.jupiter.engine.execution.InvocationInterceptorChain.invoke(InvocationInterceptorChain.java:37)
	at app//org.junit.jupiter.engine.execution.InterceptingExecutableInvoker.invoke(InterceptingExecutableInvoker.java:92)
	at app//org.junit.jupiter.engine.execution.InterceptingExecutableInvoker.invoke(InterceptingExecutableInvoker.java:86)
	at app//org.junit.jupiter.engine.descriptor.TestMethodTestDescriptor.lambda$invokeTestMethod$7(TestMethodTestDescriptor.java:218)
	at app//org.junit.platform.engine.support.hierarchical.ThrowableCollector.execute(ThrowableCollector.java:73)
	at app//org.junit.jupiter.engine.descriptor.TestMethodTestDescriptor.invokeTestMethod(TestMethodTestDescriptor.java:214)
	at app//org.junit.jupiter.engine.descriptor.TestMethodTestDescriptor.execute(TestMethodTestDescriptor.java:139)
	at app//org.junit.jupiter.engine.descriptor.TestMethodTestDescriptor.execute(TestMethodTestDescriptor.java:69)
	at app//org.junit.platform.engine.support.hierarchical.NodeTestTask.lambda$executeRecursively$6(NodeTestTask.java:151)
	at app//org.junit.platform.engine.support.hierarchical.ThrowableCollector.execute(ThrowableCollector.java:73)
	at app//org.junit.platform.engine.support.hierarchical.NodeTestTask.lambda$executeRecursively$8(NodeTestTask.java:141)
	at app//org.junit.platform.engine.support.hierarchical.Node.around(Node.java:137)
	at app//org.junit.platform.engine.support.hierarchical.NodeTestTask.lambda$executeRecursively$9(NodeTestTask.java:139)
	at app//org.junit.platform.engine.support.hierarchical.ThrowableCollector.execute(ThrowableCollector.java:73)
	at app//org.junit.platform.engine.support.hierarchical.NodeTestTask.executeRecursively(NodeTestTask.java:138)
	at app//org.junit.platform.engine.support.hierarchical.NodeTestTask.execute(NodeTestTask.java:95)
	at java.base@17.0.10/java.util.ArrayList.forEach(ArrayList.java:1511)
	at app//org.junit.platform.engine.support.hierarchical.SameThreadHierarchicalTestExecutorService.invokeAll(SameThreadHierarchicalTestExecutorService.java:41)
	at app//org.junit.platform.engine.support.hierarchical.NodeTestTask.lambda$executeRecursively$6(NodeTestTask.java:155)
	at app//org.junit.platform.engine.support.hierarchical.ThrowableCollector.execute(ThrowableCollector.java:73)
	at app//org.junit.platform.engine.support.hierarchical.NodeTestTask.lambda$executeRecursively$8(NodeTestTask.java:141)
	at app//org.junit.platform.engine.support.hierarchical.Node.around(Node.java:137)
	at app//org.junit.platform.engine.support.hierarchical.NodeTestTask.lambda$executeRecursively$9(NodeTestTask.java:139)
	at app//org.junit.platform.engine.support.hierarchical.ThrowableCollector.execute(ThrowableCollector.java:73)
	at app//org.junit.platform.engine.support.hierarchical.NodeTestTask.executeRecursively(NodeTestTask.java:138)
	at app//org.junit.platform.engine.support.hierarchical.NodeTestTask.execute(NodeTestTask.java:95)
	at java.base@17.0.10/java.util.ArrayList.forEach(ArrayList.java:1511)
	at app//org.junit.platform.engine.support.hierarchical.SameThreadHierarchicalTestExecutorService.invokeAll(SameThreadHierarchicalTestExecutorService.java:41)
	at app//org.junit.platform.engine.support.hierarchical.NodeTestTask.lambda$executeRecursively$6(NodeTestTask.java:155)
	at app//org.junit.platform.engine.support.hierarchical.ThrowableCollector.execute(ThrowableCollector.java:73)
	at app//org.junit.platform.engine.support.hierarchical.NodeTestTask.lambda$executeRecursively$8(NodeTestTask.java:141)
	at app//org.junit.platform.engine.support.hierarchical.Node.around(Node.java:137)
	at app//org.junit.platform.engine.support.hierarchical.NodeTestTask.lambda$executeRecursively$9(NodeTestTask.java:139)
	at app//org.junit.platform.engine.support.hierarchical.ThrowableCollector.execute(ThrowableCollector.java:73)
	at app//org.junit.platform.engine.support.hierarchical.NodeTestTask.executeRecursively(NodeTestTask.java:138)
	at app//org.junit.platform.engine.support.hierarchical.NodeTestTask.execute(NodeTestTask.java:95)
	at app//org.junit.platform.engine.support.hierarchical.SameThreadHierarchicalTestExecutorService.submit(SameThreadHierarchicalTestExecutorService.java:35)
	at app//org.junit.platform.engine.support.hierarchical.HierarchicalTestExecutor.execute(HierarchicalTestExecutor.java:57)
	at app//org.junit.platform.engine.support.hierarchical.HierarchicalTestEngine.execute(HierarchicalTestEngine.java:54)
	at org.junit.platform.launcher.core.EngineExecutionOrchestrator.execute(EngineExecutionOrchestrator.java:108)
	at org.junit.platform.launcher.core.EngineExecutionOrchestrator.execute(EngineExecutionOrchestrator.java:88)
	at org.junit.platform.launcher.core.EngineExecutionOrchestrator.lambda$execute$0(EngineExecutionOrchestrator.java:54)
	at org.junit.platform.launcher.core.EngineExecutionOrchestrator.withInterceptedStreams(EngineExecutionOrchestrator.java:67)
	at org.junit.platform.launcher.core.EngineExecutionOrchestrator.execute(EngineExecutionOrchestrator.java:52)
	at org.junit.platform.launcher.core.DefaultLauncher.execute(DefaultLauncher.java:96)
	at org.junit.platform.launcher.core.DefaultLauncher.execute(DefaultLauncher.java:75)
	at org.gradle.api.internal.tasks.testing.junitplatform.JUnitPlatformTestClassProcessor$CollectAllTestClassesExecutor.processAllTestClasses(JUnitPlatformTestClassProcessor.java:99)
	at org.gradle.api.internal.tasks.testing.junitplatform.JUnitPlatformTestClassProcessor$CollectAllTestClassesExecutor.access$000(JUnitPlatformTestClassProcessor.java:79)
	at org.gradle.api.internal.tasks.testing.junitplatform.JUnitPlatformTestClassProcessor.stop(JUnitPlatformTestClassProcessor.java:75)
	at org.gradle.api.internal.tasks.testing.SuiteTestClassProcessor.stop(SuiteTestClassProcessor.java:61)
	at java.base@17.0.10/jdk.internal.reflect.NativeMethodAccessorImpl.invoke0(Native Method)
	at java.base@17.0.10/jdk.internal.reflect.NativeMethodAccessorImpl.invoke(NativeMethodAccessorImpl.java:77)
	at java.base@17.0.10/jdk.internal.reflect.DelegatingMethodAccessorImpl.invoke(DelegatingMethodAccessorImpl.java:43)
	at java.base@17.0.10/java.lang.reflect.Method.invoke(Method.java:568)
	at org.gradle.internal.dispatch.ReflectionDispatch.dispatch(ReflectionDispatch.java:36)
	at org.gradle.internal.dispatch.ReflectionDispatch.dispatch(ReflectionDispatch.java:24)
	at org.gradle.internal.dispatch.ContextClassLoaderDispatch.dispatch(ContextClassLoaderDispatch.java:33)
	at org.gradle.internal.dispatch.ProxyDispatchAdapter$DispatchingInvocationHandler.invoke(ProxyDispatchAdapter.java:94)
	at jdk.proxy1/jdk.proxy1.$Proxy2.stop(Unknown Source)
	at org.gradle.api.internal.tasks.testing.worker.TestWorker$3.run(TestWorker.java:193)
	at org.gradle.api.internal.tasks.testing.worker.TestWorker.executeAndMaintainThreadName(TestWorker.java:129)
	at org.gradle.api.internal.tasks.testing.worker.TestWorker.execute(TestWorker.java:100)
	at org.gradle.api.internal.tasks.testing.worker.TestWorker.execute(TestWorker.java:60)
	at org.gradle.process.internal.worker.child.ActionExecutionWorker.execute(ActionExecutionWorker.java:56)
	at org.gradle.process.internal.worker.child.SystemApplicationClassLoaderWorker.call(SystemApplicationClassLoaderWorker.java:133)
	at org.gradle.process.internal.worker.child.SystemApplicationClassLoaderWorker.call(SystemApplicationClassLoaderWorker.java:71)
	at app//worker.org.gradle.process.internal.worker.GradleWorkerMain.run(GradleWorkerMain.java:69)
	at app//worker.org.gradle.process.internal.worker.GradleWorkerMain.main(GradleWorkerMain.java:74)
</failure>
  </testcase>
  <system-out><![CDATA[{
    "code": "200000",
    "data": {
        "token": "2neAiuYvAU61ZDXANAGAsiL4-iAExhsBXZxftpOeh_55i3Ysy2q2LEsEWU64mdzUOPusi34M_wGoSf7iNyEWJ54BiDFTNk7P3VIXlViu1q5oPhhPdAO71NiYB9J6i9GjsxUuhPw3BlrzazF6ghq4L8u6n0riMsyP11JJRGImR7g=.dOUno7ODhhdjE-_2CGW3Jg==",
        "instanceServers": [
            {
                "endpoint": "wss://ws-api-spot.kucoin.com/",
                "encrypt": true,
                "protocol": "websocket",
                "pingInterval": 18000,
                "pingTimeout": 10000
            }
        ]
    }
}
Opened Connection wss://ws-api-spot.kucoin.com/?token=2neAiuYvAU61ZDXANAGAsiL4-iAExhsBXZxftpOeh_55i3Ysy2q2LEsEWU64mdzUOPusi34M_wGoSf7iNyEWJ54BiDFTNk7P3VIXlViu1q5oPhhPdAO71NiYB9J6i9GjsxUuhPw3BlrzazF6ghq4L8u6n0riMsyP11JJRGImR7g=.dOUno7ODhhdjE-_2CGW3Jg==&connectId=iqchsbw
Received new message {"id":"iqchsbw","type":"welcome"}
Received new message {"id":"796065749","type":"ack"}
Received new message {"topic":"/market/ticker:BTC-USDT","type":"message","data":{"bestAsk":"51538.2","bestAskSize":"0.76204688","bestBid":"51538.1","bestBidSize":"0.93920128","price":"51538.2","sequence":"10921604530","size":"0.00019387","time":1708924404307},"subject":"trade.ticker"}
Received new message {"topic":"/market/ticker:BTC-USDT","type":"message","data":{"bestAsk":"51538.2","bestAskSize":"0.76204688","bestBid":"51538.1","bestBidSize":"0.93920128","price":"51538.2","sequence":"10921604533","size":"0.00019387","time":1708924404307},"subject":"trade.ticker"}
Received new message {"topic":"/market/ticker:BTC-USDT","type":"message","data":{"bestAsk":"51538.2","bestAskSize":"0.76204688","bestBid":"51538.1","bestBidSize":"0.93920128","price":"51538.2","sequence":"10921604535","size":"0.00019387","time":1708924404307},"subject":"trade.ticker"}
Received new message {"topic":"/market/ticker:BTC-USDT","type":"message","data":{"bestAsk":"51538.2","bestAskSize":"0.76204688","bestBid":"51538.1","bestBidSize":"0.93920128","price":"51538.2","sequence":"10921604539","size":"0.00019387","time":1708924404307},"subject":"trade.ticker"}
Received new message {"topic":"/market/ticker:BTC-USDT","type":"message","data":{"bestAsk":"51538.2","bestAskSize":"0.76204688","bestBid":"51538.1","bestBidSize":"0.93920128","price":"51538.2","sequence":"10921604541","size":"0.00019387","time":1708924404307},"subject":"trade.ticker"}
Received new message {"topic":"/market/ticker:BTC-USDT","type":"message","data":{"bestAsk":"51538.2","bestAskSize":"0.76204688","bestBid":"51538.1","bestBidSize":"0.93920128","price":"51538.2","sequence":"10921604546","size":"0.00019387","time":1708924404307},"subject":"trade.ticker"}
Received new message {"topic":"/market/ticker:BTC-USDT","type":"message","data":{"bestAsk":"51538.2","bestAskSize":"0.76204688","bestBid":"51538.1","bestBidSize":"0.93920128","price":"51538.2","sequence":"10921604554","size":"0.00019387","time":1708924404307},"subject":"trade.ticker"}
Received new message {"topic":"/market/ticker:BTC-USDT","type":"message","data":{"bestAsk":"51538.2","bestAskSize":"0.76204688","bestBid":"51538.1","bestBidSize":"0.93920128","price":"51538.2","sequence":"10921604564","size":"0.00019387","time":1708924404307},"subject":"trade.ticker"}
Received new message {"topic":"/market/ticker:BTC-USDT","type":"message","data":{"bestAsk":"51538.2","bestAskSize":"0.76204688","bestBid":"51538.1","bestBidSize":"0.93920128","price":"51538.2","sequence":"10921604566","size":"0.00019387","time":1708924404307},"subject":"trade.ticker"}
Received new message {"topic":"/market/ticker:BTC-USDT","type":"message","data":{"bestAsk":"51538.2","bestAskSize":"0.76204688","bestBid":"51538.1","bestBidSize":"0.1138094","price":"51538.2","sequence":"10921604605","size":"0.00019387","time":1708924404307},"subject":"trade.ticker"}
Received new message {"topic":"/market/ticker:BTC-USDT","type":"message","data":{"bestAsk":"51538.2","bestAskSize":"0.76204688","bestBid":"51538.1","bestBidSize":"0.2972742","price":"51538.2","sequence":"10921604614","size":"0.00019387","time":1708924404307},"subject":"trade.ticker"}
Received new message {"topic":"/market/ticker:BTC-USDT","type":"message","data":{"bestAsk":"51538.2","bestAskSize":"0.76204688","bestBid":"51538.1","bestBidSize":"0.2972742","price":"51538.2","sequence":"10921604623","size":"0.00019387","time":1708924404307},"subject":"trade.ticker"}
Received new message {"topic":"/market/ticker:BTC-USDT","type":"message","data":{"bestAsk":"51538.2","bestAskSize":"0.76204688","bestBid":"51538.1","bestBidSize":"0.2972742","price":"51538.2","sequence":"10921604633","size":"0.00019387","time":1708924404307},"subject":"trade.ticker"}
Received new message {"topic":"/market/ticker:BTC-USDT","type":"message","data":{"bestAsk":"51538.2","bestAskSize":"0.76204688","bestBid":"51538.1","bestBidSize":"0.2972742","price":"51538.2","sequence":"10921604647","size":"0.00019387","time":1708924404307},"subject":"trade.ticker"}
Received new message {"topic":"/market/ticker:BTC-USDT","type":"message","data":{"bestAsk":"51538.2","bestAskSize":"0.76204688","bestBid":"51538.1","bestBidSize":"0.2972742","price":"51538.2","sequence":"10921604665","size":"0.00019387","time":1708924404307},"subject":"trade.ticker"}
Received new message {"topic":"/market/ticker:BTC-USDT","type":"message","data":{"bestAsk":"51538.2","bestAskSize":"0.76204688","bestBid":"51538.1","bestBidSize":"0.2972742","price":"51538.2","sequence":"10921604673","size":"0.00019387","time":1708924404307},"subject":"trade.ticker"}
Received new message {"topic":"/market/ticker:BTC-USDT","type":"message","data":{"bestAsk":"51538.2","bestAskSize":"0.76204688","bestBid":"51538.1","bestBidSize":"0.2972742","price":"51538.2","sequence":"10921604677","size":"0.00019387","time":1708924404307},"subject":"trade.ticker"}
Received new message {"topic":"/market/ticker:BTC-USDT","type":"message","data":{"bestAsk":"51538.2","bestAskSize":"0.76204688","bestBid":"51538.1","bestBidSize":"0.2972742","price":"51538.2","sequence":"10921604682","size":"0.00019387","time":1708924404307},"subject":"trade.ticker"}
Received new message {"topic":"/market/ticker:BTC-USDT","type":"message","data":{"bestAsk":"51538.2","bestAskSize":"0.76204688","bestBid":"51538.1","bestBidSize":"0.2972742","price":"51538.2","sequence":"10921604688","size":"0.00019387","time":1708924404307},"subject":"trade.ticker"}
Received new message {"topic":"/market/ticker:BTC-USDT","type":"message","data":{"bestAsk":"51538.2","bestAskSize":"0.76204688","bestBid":"51538.1","bestBidSize":"0.2972742","price":"51538.2","sequence":"10921604696","size":"0.00019387","time":1708924404307},"subject":"trade.ticker"}
Received new message {"topic":"/market/ticker:BTC-USDT","type":"message","data":{"bestAsk":"51538.2","bestAskSize":"0.76204688","bestBid":"51538.1","bestBidSize":"0.2972742","price":"51538.2","sequence":"10921604704","size":"0.00019387","time":1708924404307},"subject":"trade.ticker"}
Received new message {"topic":"/market/ticker:BTC-USDT","type":"message","data":{"bestAsk":"51538.2","bestAskSize":"0.76204688","bestBid":"51538.1","bestBidSize":"0.7472742","price":"51538.2","sequence":"10921604705","size":"0.00019387","time":1708924404307},"subject":"trade.ticker"}
Received new message {"topic":"/market/ticker:BTC-USDT","type":"message","data":{"bestAsk":"51538.2","bestAskSize":"0.76204688","bestBid":"51538.1","bestBidSize":"0.7472742","price":"51538.2","sequence":"10921604712","size":"0.00019387","time":1708924404307},"subject":"trade.ticker"}
Received new message {"topic":"/market/ticker:BTC-USDT","type":"message","data":{"bestAsk":"51538.2","bestAskSize":"0.76204688","bestBid":"51538.1","bestBidSize":"0.7472742","price":"51538.2","sequence":"10921604720","size":"0.00019387","time":1708924404307},"subject":"trade.ticker"}
Received new message {"topic":"/market/ticker:BTC-USDT","type":"message","data":{"bestAsk":"51538.2","bestAskSize":"0.76204688","bestBid":"51538.1","bestBidSize":"0.7472742","price":"51538.2","sequence":"10921604725","size":"0.00019387","time":1708924404307},"subject":"trade.ticker"}
Received new message {"topic":"/market/ticker:BTC-USDT","type":"message","data":{"bestAsk":"51538.2","bestAskSize":"0.76204688","bestBid":"51538.1","bestBidSize":"0.7472742","price":"51538.2","sequence":"10921604730","size":"0.00019387","time":1708924404307},"subject":"trade.ticker"}
Received new message {"topic":"/market/ticker:BTC-USDT","type":"message","data":{"bestAsk":"51538.2","bestAskSize":"0.76204688","bestBid":"51538.1","bestBidSize":"0.7472742","price":"51538.2","sequence":"10921604734","size":"0.00019387","time":1708924404307},"subject":"trade.ticker"}
Received new message {"topic":"/market/ticker:BTC-USDT","type":"message","data":{"bestAsk":"51538.2","bestAskSize":"0.76204688","bestBid":"51538.1","bestBidSize":"0.7472742","price":"51538.2","sequence":"10921604738","size":"0.00019387","time":1708924404307},"subject":"trade.ticker"}
Received new message {"topic":"/market/ticker:BTC-USDT","type":"message","data":{"bestAsk":"51538.2","bestAskSize":"0.76204688","bestBid":"51538.1","bestBidSize":"0.74411524","price":"51538.2","sequence":"10921604739","size":"0.00019387","time":1708924404307},"subject":"trade.ticker"}
Received new message {"topic":"/market/ticker:BTC-USDT","type":"message","data":{"bestAsk":"51538.2","bestAskSize":"0.76204688","bestBid":"51538.1","bestBidSize":"0.74411524","price":"51538.1","sequence":"10921604743","size":"0.00315896","time":1708924415135},"subject":"trade.ticker"}
Received new message {"topic":"/market/ticker:BTC-USDT","type":"message","data":{"bestAsk":"51538.2","bestAskSize":"0.76204688","bestBid":"51538.1","bestBidSize":"0.74411524","price":"51538.1","sequence":"10921604746","size":"0.00315896","time":1708924415135},"subject":"trade.ticker"}
Received new message {"topic":"/market/ticker:BTC-USDT","type":"message","data":{"bestAsk":"51538.2","bestAskSize":"0.76204688","bestBid":"51538.1","bestBidSize":"0.74411524","price":"51538.1","sequence":"10921604747","size":"0.00315896","time":1708924415135},"subject":"trade.ticker"}
Received new message {"topic":"/market/ticker:BTC-USDT","type":"message","data":{"bestAsk":"51538.2","bestAskSize":"0.76204688","bestBid":"51538.1","bestBidSize":"0.74411524","price":"51538.1","sequence":"10921604748","size":"0.00315896","time":1708924415135},"subject":"trade.ticker"}
Received new message {"topic":"/market/ticker:BTC-USDT","type":"message","data":{"bestAsk":"51538.2","bestAskSize":"0.76204688","bestBid":"51538.1","bestBidSize":"0.74411524","price":"51538.1","sequence":"10921604749","size":"0.00315896","time":1708924415135},"subject":"trade.ticker"}
Received new message {"topic":"/market/ticker:BTC-USDT","type":"message","data":{"bestAsk":"51538.2","bestAskSize":"0.76204688","bestBid":"51538.1","bestBidSize":"0.74411524","price":"51538.1","sequence":"10921604751","size":"0.00315896","time":1708924415135},"subject":"trade.ticker"}
Received new message {"topic":"/market/ticker:BTC-USDT","type":"message","data":{"bestAsk":"51538.2","bestAskSize":"0.76204688","bestBid":"51538.1","bestBidSize":"0.74411524","price":"51538.1","sequence":"10921604759","size":"0.00315896","time":1708924415135},"subject":"trade.ticker"}
Received new message {"topic":"/market/ticker:BTC-USDT","type":"message","data":{"bestAsk":"51538.2","bestAskSize":"0.76204688","bestBid":"51538.1","bestBidSize":"0.74411524","price":"51538.1","sequence":"10921604775","size":"0.00315896","time":1708924415135},"subject":"trade.ticker"}
Received new message {"topic":"/market/ticker:BTC-USDT","type":"message","data":{"bestAsk":"51538.2","bestAskSize":"0.76204688","bestBid":"51538.1","bestBidSize":"0.74411524","price":"51538.1","sequence":"10921604779","size":"0.00315896","time":1708924415135},"subject":"trade.ticker"}
Received new message {"topic":"/market/ticker:BTC-USDT","type":"message","data":{"bestAsk":"51538.2","bestAskSize":"0.76204688","bestBid":"51538.1","bestBidSize":"0.74411524","price":"51538.1","sequence":"10921604787","size":"0.00315896","time":1708924415135},"subject":"trade.ticker"}
Received new message {"topic":"/market/ticker:BTC-USDT","type":"message","data":{"bestAsk":"51538.2","bestAskSize":"0.76204688","bestBid":"51538.1","bestBidSize":"0.74411524","price":"51538.1","sequence":"10921604800","size":"0.00315896","time":1708924415135},"subject":"trade.ticker"}
Received new message {"topic":"/market/ticker:BTC-USDT","type":"message","data":{"bestAsk":"51538.2","bestAskSize":"0.76204688","bestBid":"51538.1","bestBidSize":"0.74411524","price":"51538.1","sequence":"10921604808","size":"0.00315896","time":1708924415135},"subject":"trade.ticker"}
Received new message {"topic":"/market/ticker:BTC-USDT","type":"message","data":{"bestAsk":"51538.2","bestAskSize":"0.76204688","bestBid":"51538.1","bestBidSize":"0.74411524","price":"51538.1","sequence":"10921604810","size":"0.00315896","time":1708924415135},"subject":"trade.ticker"}
Received new message {"topic":"/market/ticker:BTC-USDT","type":"message","data":{"bestAsk":"51538.2","bestAskSize":"0.76204688","bestBid":"51538.1","bestBidSize":"0.8779692","price":"51538.1","sequence":"10921604819","size":"0.00315896","time":1708924415135},"subject":"trade.ticker"}
Received new message {"topic":"/market/ticker:BTC-USDT","type":"message","data":{"bestAsk":"51538.2","bestAskSize":"0.76204688","bestBid":"51538.1","bestBidSize":"0.8779692","price":"51538.1","sequence":"10921604828","size":"0.00169029","time":1708924416951},"subject":"trade.ticker"}
Received new message {"topic":"/market/ticker:BTC-USDT","type":"message","data":{"bestAsk":"51538.2","bestAskSize":"0.76204688","bestBid":"51538.1","bestBidSize":"0.8779692","price":"51538.1","sequence":"10921604836","size":"0.00169029","time":1708924416951},"subject":"trade.ticker"}
Received new message {"topic":"/market/ticker:BTC-USDT","type":"message","data":{"bestAsk":"51538.2","bestAskSize":"0.76204688","bestBid":"51538.1","bestBidSize":"0.8779692","price":"51538.1","sequence":"10921604846","size":"0.00169029","time":1708924416951},"subject":"trade.ticker"}
Received new message {"topic":"/market/ticker:BTC-USDT","type":"message","data":{"bestAsk":"51538.2","bestAskSize":"0.76204688","bestBid":"51538.1","bestBidSize":"0.8779692","price":"51538.1","sequence":"10921604850","size":"0.00169029","time":1708924416951},"subject":"trade.ticker"}
Received new message {"topic":"/market/ticker:BTC-USDT","type":"message","data":{"bestAsk":"51538.2","bestAskSize":"0.76204688","bestBid":"51538.1","bestBidSize":"0.8779692","price":"51538.1","sequence":"10921604861","size":"0.00169029","time":1708924416951},"subject":"trade.ticker"}
Received new message {"topic":"/market/ticker:BTC-USDT","type":"message","data":{"bestAsk":"51538.2","bestAskSize":"0.76204688","bestBid":"51538.1","bestBidSize":"0.8779692","price":"51538.1","sequence":"10921604865","size":"0.00169029","time":1708924416951},"subject":"trade.ticker"}
Received new message {"topic":"/market/ticker:BTC-USDT","type":"message","data":{"bestAsk":"51538.2","bestAskSize":"0.76204688","bestBid":"51538.1","bestBidSize":"0.8779692","price":"51538.1","sequence":"10921604872","size":"0.00169029","time":1708924416951},"subject":"trade.ticker"}
Received new message {"topic":"/market/ticker:BTC-USDT","type":"message","data":{"bestAsk":"51538.2","bestAskSize":"0.76204688","bestBid":"51538.1","bestBidSize":"0.8779692","price":"51538.1","sequence":"10921604874","size":"0.00169029","time":1708924416951},"subject":"trade.ticker"}
Received new message {"topic":"/market/ticker:BTC-USDT","type":"message","data":{"bestAsk":"51538.2","bestAskSize":"0.76204688","bestBid":"51538.1","bestBidSize":"0.8779692","price":"51538.1","sequence":"10921604875","size":"0.00169029","time":1708924416951},"subject":"trade.ticker"}
Received new message {"topic":"/market/ticker:BTC-USDT","type":"message","data":{"bestAsk":"51538.2","bestAskSize":"0.76204688","bestBid":"51538.1","bestBidSize":"0.8779692","price":"51538.1","sequence":"10921604877","size":"0.00169029","time":1708924416951},"subject":"trade.ticker"}
Received new message {"topic":"/market/ticker:BTC-USDT","type":"message","data":{"bestAsk":"51538.2","bestAskSize":"0.76204688","bestBid":"51538.1","bestBidSize":"0.8779692","price":"51538.1","sequence":"10921604880","size":"0.00169029","time":1708924416951},"subject":"trade.ticker"}
Received new message {"topic":"/market/ticker:BTC-USDT","type":"message","data":{"bestAsk":"51538.2","bestAskSize":"0.76204688","bestBid":"51538.1","bestBidSize":"0.74242495","price":"51538.1","sequence":"10921604887","size":"0.00169029","time":1708924416951},"subject":"trade.ticker"}
Received new message {"topic":"/market/ticker:BTC-USDT","type":"message","data":{"bestAsk":"51538.2","bestAskSize":"0.76204688","bestBid":"51538.1","bestBidSize":"0.74242495","price":"51538.1","sequence":"10921604894","size":"0.00169029","time":1708924416951},"subject":"trade.ticker"}
Received new message {"topic":"/market/ticker:BTC-USDT","type":"message","data":{"bestAsk":"51538.2","bestAskSize":"0.76204688","bestBid":"51538.1","bestBidSize":"0.74242495","price":"51538.1","sequence":"10921604902","size":"0.00169029","time":1708924416951},"subject":"trade.ticker"}
Received new message {"topic":"/market/ticker:BTC-USDT","type":"message","data":{"bestAsk":"51538.2","bestAskSize":"0.76204688","bestBid":"51538.1","bestBidSize":"0.74242495","price":"51538.1","sequence":"10921604906","size":"0.00169029","time":1708924416951},"subject":"trade.ticker"}
Received new message {"topic":"/market/ticker:BTC-USDT","type":"message","data":{"bestAsk":"51538.2","bestAskSize":"0.76204688","bestBid":"51538.1","bestBidSize":"0.74242495","price":"51538.1","sequence":"10921604912","size":"0.00169029","time":1708924416951},"subject":"trade.ticker"}
Received new message {"topic":"/market/ticker:BTC-USDT","type":"message","data":{"bestAsk":"51538.2","bestAskSize":"0.76204688","bestBid":"51538.1","bestBidSize":"0.74242495","price":"51538.1","sequence":"10921604914","size":"0.00169029","time":1708924416951},"subject":"trade.ticker"}
Received new message {"topic":"/market/ticker:BTC-USDT","type":"message","data":{"bestAsk":"51538.2","bestAskSize":"0.76204688","bestBid":"51538.1","bestBidSize":"0.74242495","price":"51538.1","sequence":"10921604919","size":"0.00169029","time":1708924416951},"subject":"trade.ticker"}
Received new message {"topic":"/market/ticker:BTC-USDT","type":"message","data":{"bestAsk":"51538.2","bestAskSize":"0.76204688","bestBid":"51538.1","bestBidSize":"0.74242495","price":"51538.1","sequence":"10921604937","size":"0.00169029","time":1708924416951},"subject":"trade.ticker"}
Received new message {"topic":"/market/ticker:BTC-USDT","type":"message","data":{"bestAsk":"51538.2","bestAskSize":"0.76204688","bestBid":"51538.1","bestBidSize":"0.74242495","price":"51538.1","sequence":"10921604954","size":"0.00169029","time":1708924416951},"subject":"trade.ticker"}
Received new message {"topic":"/market/ticker:BTC-USDT","type":"message","data":{"bestAsk":"51538.2","bestAskSize":"0.76204688","bestBid":"51538.1","bestBidSize":"0.74242495","price":"51538.1","sequence":"10921604960","size":"0.00169029","time":1708924416951},"subject":"trade.ticker"}
Received new message {"topic":"/market/ticker:BTC-USDT","type":"message","data":{"bestAsk":"51538.2","bestAskSize":"0.76204688","bestBid":"51538.1","bestBidSize":"0.74242495","price":"51538.1","sequence":"10921604962","size":"0.00169029","time":1708924416951},"subject":"trade.ticker"}
Received new message {"topic":"/market/ticker:BTC-USDT","type":"message","data":{"bestAsk":"51538.2","bestAskSize":"0.76204688","bestBid":"51538.1","bestBidSize":"0.74242495","price":"51538.1","sequence":"10921604965","size":"0.00169029","time":1708924416951},"subject":"trade.ticker"}
Received new message {"topic":"/market/ticker:BTC-USDT","type":"message","data":{"bestAsk":"51538.2","bestAskSize":"0.76204688","bestBid":"51538.1","bestBidSize":"1.21340739","price":"51538.1","sequence":"10921604972","size":"0.00169029","time":1708924416951},"subject":"trade.ticker"}
Received new message {"topic":"/market/ticker:BTC-USDT","type":"message","data":{"bestAsk":"51538.2","bestAskSize":"0.76204688","bestBid":"51538.1","bestBidSize":"0.87229173","price":"51538.1","sequence":"10921604983","size":"0.00169029","time":1708924416951},"subject":"trade.ticker"}
Close socket with code 1006, reason is Time Out
]]></system-out>
  <system-err><![CDATA[SLF4J(W): No SLF4J providers were found.
SLF4J(W): Defaulting to no-operation (NOP) logger implementation
SLF4J(W): See https://www.slf4j.org/codes.html#noProviders for further details.
]]></system-err>
</testsuite>
